[debug] [2021-03-18T13:15:43.192Z] ----------------------------------------------------------------------
[debug] [2021-03-18T13:15:43.195Z] Command:       C:\Program Files\nodejs\node.exe C:\Program Files\nodejs\node_modules\firebase-tools\lib\bin\firebase.js init
[debug] [2021-03-18T13:15:43.196Z] CLI Version:   9.6.1
[debug] [2021-03-18T13:15:43.196Z] Platform:      win32
[debug] [2021-03-18T13:15:43.196Z] Node Version:  v14.15.4
[debug] [2021-03-18T13:15:43.197Z] Time:          Thu Mar 18 2021 15:15:43 GMT+0200 (South Africa Standard Time)
[debug] [2021-03-18T13:15:43.198Z] ----------------------------------------------------------------------
[debug] [2021-03-18T13:15:43.198Z] 
[debug] [2021-03-18T13:15:43.206Z] > command requires scopes: ["email","openid","https://www.googleapis.com/auth/cloudplatformprojects.readonly","https://www.googleapis.com/auth/firebase","https://www.googleapis.com/auth/cloud-platform"]
[debug] [2021-03-18T13:15:43.206Z] > authorizing via signed-in user
[info] 
     ######## #### ########  ######## ########     ###     ######  ########
     ##        ##  ##     ## ##       ##     ##  ##   ##  ##       ##
     ######    ##  ########  ######   ########  #########  ######  ######
     ##        ##  ##    ##  ##       ##     ## ##     ##       ## ##
     ##       #### ##     ## ######## ########  ##     ##  ######  ########

You're about to initialize a Firebase project in this directory:

  D:\Resume-Portfolio-Starter-pack-main

Before we get started, keep in mind:

  * You are initializing in an existing Firebase project directory

[info] 
=== Project Setup
[info] 
[info] First, let's associate this project directory with a Firebase project.
[info] You can create multiple project aliases by running firebase use --add, 
[info] but for now we'll just set up a default project.
[info] 
[info] i  .firebaserc already has a default project, using kasi-firegram. 
[debug] [2021-03-18T13:16:06.381Z] >>> [apiv2][query] GET https://firebase.googleapis.com/v1beta1/projects/kasi-firegram [none]
[debug] [2021-03-18T13:16:07.173Z] <<< [apiv2][status] GET https://firebase.googleapis.com/v1beta1/projects/kasi-firegram 200
[debug] [2021-03-18T13:16:07.174Z] <<< [apiv2][body] GET https://firebase.googleapis.com/v1beta1/projects/kasi-firegram {"projectId":"kasi-firegram","projectNumber":"504411752460","displayName":"kasi-firegram","name":"projects/kasi-firegram","resources":{"hostingSite":"kasi-firegram","storageBucket":"kasi-firegram.appspot.com","locationId":"us-central"},"state":"ACTIVE"}
[info] 
=== Hosting Setup
[info] 
[info] Your public directory is the folder (relative to your project directory) that
[info] will contain Hosting assets to be uploaded with firebase deploy. If you
[info] have a build process for your assets, use your build's output directory.
[info] 
